#Software: Microsoft Internet Information Services 10.0
#Version: 1.0
#Date: 2019-11-15 03:45:29
#Fields: date time s-ip cs-method cs-uri-stem cs-uri-query s-port cs-username c-ip cs(User-Agent) cs(Referer) sc-status sc-substatus sc-win32-status time-taken
2019-11-15 03:45:29 ::1 GET /LandingPage.aspx - 50991 - ::1 Mozilla/5.0+(Windows+NT+10.0;+Win64;+x64)+AppleWebKit/537.36+(KHTML,+like+Gecko)+Chrome/78.0.3904.97+Safari/537.36 - 200 0 0 17078
2019-11-15 03:45:29 ::1 GET /Content/form-elements.css - 50991 - ::1 Mozilla/5.0+(Windows+NT+10.0;+Win64;+x64)+AppleWebKit/537.36+(KHTML,+like+Gecko)+Chrome/78.0.3904.97+Safari/537.36 http://localhost:50991/LandingPage.aspx 200 0 0 13
2019-11-15 03:45:29 ::1 GET /Content/site.css - 50991 - ::1 Mozilla/5.0+(Windows+NT+10.0;+Win64;+x64)+AppleWebKit/537.36+(KHTML,+like+Gecko)+Chrome/78.0.3904.97+Safari/537.36 http://localhost:50991/LandingPage.aspx 200 0 0 21
2019-11-15 03:45:29 ::1 GET /Content/font-awesome.min.css - 50991 - ::1 Mozilla/5.0+(Windows+NT+10.0;+Win64;+x64)+AppleWebKit/537.36+(KHTML,+like+Gecko)+Chrome/78.0.3904.97+Safari/537.36 http://localhost:50991/LandingPage.aspx 200 0 0 21
2019-11-15 03:45:29 ::1 GET /Content/bootstrap.min.css - 50991 - ::1 Mozilla/5.0+(Windows+NT+10.0;+Win64;+x64)+AppleWebKit/537.36+(KHTML,+like+Gecko)+Chrome/78.0.3904.97+Safari/537.36 http://localhost:50991/LandingPage.aspx 200 0 0 43
2019-11-15 03:45:29 ::1 GET /WebResource.axd d=pynGkmcFUV13He1Qd6_TZD1JyJ5K-hNelbfKjmCA6ENQRT1brVbdqD1dXCHsHPwGGw8Q3uhxYr-VtX1XYLqBmA2&t=636995195080000000 50991 - ::1 Mozilla/5.0+(Windows+NT+10.0;+Win64;+x64)+AppleWebKit/537.36+(KHTML,+like+Gecko)+Chrome/78.0.3904.97+Safari/537.36 http://localhost:50991/LandingPage.aspx 200 0 0 30
2019-11-15 03:45:29 ::1 GET /Scripts/jquery-3.3.1.js - 50991 - ::1 Mozilla/5.0+(Windows+NT+10.0;+Win64;+x64)+AppleWebKit/537.36+(KHTML,+like+Gecko)+Chrome/78.0.3904.97+Safari/537.36 http://localhost:50991/LandingPage.aspx 200 0 0 61
2019-11-15 03:45:29 ::1 GET /WebResource.axd d=JoBkLzP19aTuxbWOhHobYtQYbD7jNGsH4YzHALNhjUW8NK8lUbmUaUHYqa_uxpgS7MRyOSG_67FFmU6Idrg6cw2&t=636995195080000000 50991 - ::1 Mozilla/5.0+(Windows+NT+10.0;+Win64;+x64)+AppleWebKit/537.36+(KHTML,+like+Gecko)+Chrome/78.0.3904.97+Safari/537.36 http://localhost:50991/LandingPage.aspx 200 0 0 30
2019-11-15 03:45:29 ::1 GET /WebResource.axd d=x2nkrMJGXkMELz33nwnakLLpwaz7Y4tEInELmldaEwfKfuKzffFkL9JIuT8epgCxHLzGKuXsz-fXm9d_IQElVaR_DXr8SogppQR98CttYFk1&t=636995195080000000 50991 - ::1 Mozilla/5.0+(Windows+NT+10.0;+Win64;+x64)+AppleWebKit/537.36+(KHTML,+like+Gecko)+Chrome/78.0.3904.97+Safari/537.36 http://localhost:50991/LandingPage.aspx 200 0 0 36
2019-11-15 03:45:29 ::1 GET /Scripts/jquery-2.2.4.min.js - 50991 - ::1 Mozilla/5.0+(Windows+NT+10.0;+Win64;+x64)+AppleWebKit/537.36+(KHTML,+like+Gecko)+Chrome/78.0.3904.97+Safari/537.36 http://localhost:50991/LandingPage.aspx 404 0 2 29
2019-11-15 03:45:29 ::1 GET /Scripts/bootstrap.min.js - 50991 - ::1 Mozilla/5.0+(Windows+NT+10.0;+Win64;+x64)+AppleWebKit/537.36+(KHTML,+like+Gecko)+Chrome/78.0.3904.97+Safari/537.36 http://localhost:50991/LandingPage.aspx 200 0 0 29
2019-11-15 03:45:29 ::1 GET /Scripts/jquery-2.2.4.min.js - 50991 - ::1 Mozilla/5.0+(Windows+NT+10.0;+Win64;+x64)+AppleWebKit/537.36+(KHTML,+like+Gecko)+Chrome/78.0.3904.97+Safari/537.36 http://localhost:50991/LandingPage.aspx 404 0 2 1
2019-11-15 03:45:29 ::1 GET /favicon.ico - 50991 - ::1 Mozilla/5.0+(Windows+NT+10.0;+Win64;+x64)+AppleWebKit/537.36+(KHTML,+like+Gecko)+Chrome/78.0.3904.97+Safari/537.36 http://localhost:50991/LandingPage.aspx 404 0 2 1
2019-11-15 03:45:57 ::1 POST /LandingPage.aspx - 50991 - ::1 Mozilla/5.0+(Windows+NT+10.0;+Win64;+x64)+AppleWebKit/537.36+(KHTML,+like+Gecko)+Chrome/78.0.3904.97+Safari/537.36 http://localhost:50991/LandingPage.aspx 200 0 64 6879
2019-11-15 03:45:57 ::1 POST /LandingPage.aspx - 50991 - ::1 Mozilla/5.0+(Windows+NT+10.0;+Win64;+x64)+AppleWebKit/537.36+(KHTML,+like+Gecko)+Chrome/78.0.3904.97+Safari/537.36 http://localhost:50991/LandingPage.aspx 200 0 64 3535
2019-11-15 03:45:57 ::1 POST /LandingPage.aspx - 50991 - ::1 Mozilla/5.0+(Windows+NT+10.0;+Win64;+x64)+AppleWebKit/537.36+(KHTML,+like+Gecko)+Chrome/78.0.3904.97+Safari/537.36 http://localhost:50991/LandingPage.aspx 200 0 0 1081
2019-11-15 03:45:57 ::1 GET /Content/form-elements.css - 50991 - ::1 Mozilla/5.0+(Windows+NT+10.0;+Win64;+x64)+AppleWebKit/537.36+(KHTML,+like+Gecko)+Chrome/78.0.3904.97+Safari/537.36 http://localhost:50991/LandingPage.aspx 304 0 0 13
2019-11-15 03:45:57 ::1 GET /Scripts/jquery-2.2.4.min.js - 50991 - ::1 Mozilla/5.0+(Windows+NT+10.0;+Win64;+x64)+AppleWebKit/537.36+(KHTML,+like+Gecko)+Chrome/78.0.3904.97+Safari/537.36 http://localhost:50991/LandingPage.aspx 404 0 2 17
2019-11-15 03:45:57 ::1 GET /Content/font-awesome.min.css - 50991 - ::1 Mozilla/5.0+(Windows+NT+10.0;+Win64;+x64)+AppleWebKit/537.36+(KHTML,+like+Gecko)+Chrome/78.0.3904.97+Safari/537.36 http://localhost:50991/LandingPage.aspx 304 0 0 27
2019-11-15 03:45:57 ::1 GET /Content/bootstrap.min.css - 50991 - ::1 Mozilla/5.0+(Windows+NT+10.0;+Win64;+x64)+AppleWebKit/537.36+(KHTML,+like+Gecko)+Chrome/78.0.3904.97+Safari/537.36 http://localhost:50991/LandingPage.aspx 304 0 0 32
2019-11-15 03:45:57 ::1 GET /Content/site.css - 50991 - ::1 Mozilla/5.0+(Windows+NT+10.0;+Win64;+x64)+AppleWebKit/537.36+(KHTML,+like+Gecko)+Chrome/78.0.3904.97+Safari/537.36 http://localhost:50991/LandingPage.aspx 304 0 0 28
2019-11-15 03:45:57 ::1 GET /Scripts/bootstrap.min.js - 50991 - ::1 Mozilla/5.0+(Windows+NT+10.0;+Win64;+x64)+AppleWebKit/537.36+(KHTML,+like+Gecko)+Chrome/78.0.3904.97+Safari/537.36 http://localhost:50991/LandingPage.aspx 304 0 0 61
2019-11-15 03:45:57 ::1 GET /Scripts/jquery-3.3.1.js - 50991 - ::1 Mozilla/5.0+(Windows+NT+10.0;+Win64;+x64)+AppleWebKit/537.36+(KHTML,+like+Gecko)+Chrome/78.0.3904.97+Safari/537.36 http://localhost:50991/LandingPage.aspx 304 0 0 145
2019-11-15 03:45:57 ::1 GET /Scripts/jquery-2.2.4.min.js - 50991 - ::1 Mozilla/5.0+(Windows+NT+10.0;+Win64;+x64)+AppleWebKit/537.36+(KHTML,+like+Gecko)+Chrome/78.0.3904.97+Safari/537.36 http://localhost:50991/LandingPage.aspx 404 0 2 2
2019-11-15 03:46:01 ::1 POST /LandingPage.aspx - 50991 - ::1 Mozilla/5.0+(Windows+NT+10.0;+Win64;+x64)+AppleWebKit/537.36+(KHTML,+like+Gecko)+Chrome/78.0.3904.97+Safari/537.36 http://localhost:50991/LandingPage.aspx 200 0 0 14
2019-11-15 03:46:01 ::1 GET /Scripts/jquery-2.2.4.min.js - 50991 - ::1 Mozilla/5.0+(Windows+NT+10.0;+Win64;+x64)+AppleWebKit/537.36+(KHTML,+like+Gecko)+Chrome/78.0.3904.97+Safari/537.36 http://localhost:50991/LandingPage.aspx 404 0 2 2
2019-11-15 03:46:01 ::1 GET /Scripts/jquery-2.2.4.min.js - 50991 - ::1 Mozilla/5.0+(Windows+NT+10.0;+Win64;+x64)+AppleWebKit/537.36+(KHTML,+like+Gecko)+Chrome/78.0.3904.97+Safari/537.36 http://localhost:50991/LandingPage.aspx 404 0 2 2
2019-11-15 03:46:12 ::1 POST /LandingPage.aspx - 50991 - ::1 Mozilla/5.0+(Windows+NT+10.0;+Win64;+x64)+AppleWebKit/537.36+(KHTML,+like+Gecko)+Chrome/78.0.3904.97+Safari/537.36 http://localhost:50991/LandingPage.aspx 302 0 0 64
2019-11-15 03:46:12 ::1 GET /home.aspx - 50991 - ::1 Mozilla/5.0+(Windows+NT+10.0;+Win64;+x64)+AppleWebKit/537.36+(KHTML,+like+Gecko)+Chrome/78.0.3904.97+Safari/537.36 http://localhost:50991/LandingPage.aspx 200 0 0 43
2019-11-15 03:46:12 ::1 GET /Content/bootstrap.min.css - 50991 - ::1 Mozilla/5.0+(Windows+NT+10.0;+Win64;+x64)+AppleWebKit/537.36+(KHTML,+like+Gecko)+Chrome/78.0.3904.97+Safari/537.36 http://localhost:50991/home.aspx 304 0 0 6
2019-11-15 03:46:12 ::1 GET /Content/site.css - 50991 - ::1 Mozilla/5.0+(Windows+NT+10.0;+Win64;+x64)+AppleWebKit/537.36+(KHTML,+like+Gecko)+Chrome/78.0.3904.97+Safari/537.36 http://localhost:50991/home.aspx 304 0 0 7
2019-11-15 03:46:12 ::1 GET /Content/font-awesome.min.css - 50991 - ::1 Mozilla/5.0+(Windows+NT+10.0;+Win64;+x64)+AppleWebKit/537.36+(KHTML,+like+Gecko)+Chrome/78.0.3904.97+Safari/537.36 http://localhost:50991/home.aspx 304 0 0 7
2019-11-15 03:46:12 ::1 GET /Content/form-elements.css - 50991 - ::1 Mozilla/5.0+(Windows+NT+10.0;+Win64;+x64)+AppleWebKit/537.36+(KHTML,+like+Gecko)+Chrome/78.0.3904.97+Safari/537.36 http://localhost:50991/home.aspx 304 0 0 15
2019-11-15 03:46:12 ::1 GET /Scripts/jquery-2.2.4.min.js - 50991 - ::1 Mozilla/5.0+(Windows+NT+10.0;+Win64;+x64)+AppleWebKit/537.36+(KHTML,+like+Gecko)+Chrome/78.0.3904.97+Safari/537.36 http://localhost:50991/home.aspx 404 0 2 9
2019-11-15 03:46:12 ::1 GET /Images/Home2.jpg - 50991 - ::1 Mozilla/5.0+(Windows+NT+10.0;+Win64;+x64)+AppleWebKit/537.36+(KHTML,+like+Gecko)+Chrome/78.0.3904.97+Safari/537.36 http://localhost:50991/home.aspx 200 0 0 21
2019-11-15 03:46:12 ::1 GET /Scripts/site.js - 50991 - ::1 Mozilla/5.0+(Windows+NT+10.0;+Win64;+x64)+AppleWebKit/537.36+(KHTML,+like+Gecko)+Chrome/78.0.3904.97+Safari/537.36 http://localhost:50991/home.aspx 200 0 0 6
2019-11-15 03:46:12 ::1 GET /Scripts/bootstrap.min.js - 50991 - ::1 Mozilla/5.0+(Windows+NT+10.0;+Win64;+x64)+AppleWebKit/537.36+(KHTML,+like+Gecko)+Chrome/78.0.3904.97+Safari/537.36 http://localhost:50991/home.aspx 304 0 0 7
2019-11-15 03:46:12 ::1 GET /Images/Home1.jpg - 50991 - ::1 Mozilla/5.0+(Windows+NT+10.0;+Win64;+x64)+AppleWebKit/537.36+(KHTML,+like+Gecko)+Chrome/78.0.3904.97+Safari/537.36 http://localhost:50991/home.aspx 200 0 0 30
2019-11-15 03:46:12 ::1 GET /Images/Home3.jpg - 50991 - ::1 Mozilla/5.0+(Windows+NT+10.0;+Win64;+x64)+AppleWebKit/537.36+(KHTML,+like+Gecko)+Chrome/78.0.3904.97+Safari/537.36 http://localhost:50991/home.aspx 200 0 0 23
2019-11-15 03:46:12 ::1 GET /Images/Home4.jpg - 50991 - ::1 Mozilla/5.0+(Windows+NT+10.0;+Win64;+x64)+AppleWebKit/537.36+(KHTML,+like+Gecko)+Chrome/78.0.3904.97+Safari/537.36 http://localhost:50991/home.aspx 200 0 0 14
2019-11-15 03:46:20 ::1 GET /home.aspx - 50991 - ::1 Mozilla/5.0+(Windows+NT+10.0;+Win64;+x64)+AppleWebKit/537.36+(KHTML,+like+Gecko)+Chrome/78.0.3904.97+Safari/537.36 http://localhost:50991/home.aspx 200 0 0 5
2019-11-15 03:46:20 ::1 GET /Scripts/jquery-2.2.4.min.js - 50991 - ::1 Mozilla/5.0+(Windows+NT+10.0;+Win64;+x64)+AppleWebKit/537.36+(KHTML,+like+Gecko)+Chrome/78.0.3904.97+Safari/537.36 http://localhost:50991/home.aspx 404 0 2 2
2019-11-15 03:46:22 ::1 GET /home.aspx - 50991 - ::1 Mozilla/5.0+(Windows+NT+10.0;+Win64;+x64)+AppleWebKit/537.36+(KHTML,+like+Gecko)+Chrome/78.0.3904.97+Safari/537.36 http://localhost:50991/home.aspx 200 0 0 5
2019-11-15 03:46:22 ::1 GET /Images/Home1.jpg - 50991 - ::1 Mozilla/5.0+(Windows+NT+10.0;+Win64;+x64)+AppleWebKit/537.36+(KHTML,+like+Gecko)+Chrome/78.0.3904.97+Safari/537.36 http://localhost:50991/home.aspx 304 0 0 4
2019-11-15 03:46:22 ::1 GET /Images/Home2.jpg - 50991 - ::1 Mozilla/5.0+(Windows+NT+10.0;+Win64;+x64)+AppleWebKit/537.36+(KHTML,+like+Gecko)+Chrome/78.0.3904.97+Safari/537.36 http://localhost:50991/home.aspx 304 0 0 5
2019-11-15 03:46:22 ::1 GET /Content/site.css - 50991 - ::1 Mozilla/5.0+(Windows+NT+10.0;+Win64;+x64)+AppleWebKit/537.36+(KHTML,+like+Gecko)+Chrome/78.0.3904.97+Safari/537.36 http://localhost:50991/home.aspx 304 0 0 13
2019-11-15 03:46:22 ::1 GET /Content/form-elements.css - 50991 - ::1 Mozilla/5.0+(Windows+NT+10.0;+Win64;+x64)+AppleWebKit/537.36+(KHTML,+like+Gecko)+Chrome/78.0.3904.97+Safari/537.36 http://localhost:50991/home.aspx 304 0 0 12
2019-11-15 03:46:22 ::1 GET /Content/bootstrap.min.css - 50991 - ::1 Mozilla/5.0+(Windows+NT+10.0;+Win64;+x64)+AppleWebKit/537.36+(KHTML,+like+Gecko)+Chrome/78.0.3904.97+Safari/537.36 http://localhost:50991/home.aspx 304 0 0 22
2019-11-15 03:46:22 ::1 GET /Content/font-awesome.min.css - 50991 - ::1 Mozilla/5.0+(Windows+NT+10.0;+Win64;+x64)+AppleWebKit/537.36+(KHTML,+like+Gecko)+Chrome/78.0.3904.97+Safari/537.36 http://localhost:50991/home.aspx 304 0 0 22
2019-11-15 03:46:22 ::1 GET /Scripts/jquery-2.2.4.min.js - 50991 - ::1 Mozilla/5.0+(Windows+NT+10.0;+Win64;+x64)+AppleWebKit/537.36+(KHTML,+like+Gecko)+Chrome/78.0.3904.97+Safari/537.36 http://localhost:50991/home.aspx 404 0 2 11
2019-11-15 03:46:22 ::1 GET /Images/Home3.jpg - 50991 - ::1 Mozilla/5.0+(Windows+NT+10.0;+Win64;+x64)+AppleWebKit/537.36+(KHTML,+like+Gecko)+Chrome/78.0.3904.97+Safari/537.36 http://localhost:50991/home.aspx 304 0 0 5
2019-11-15 03:46:22 ::1 GET /Scripts/site.js - 50991 - ::1 Mozilla/5.0+(Windows+NT+10.0;+Win64;+x64)+AppleWebKit/537.36+(KHTML,+like+Gecko)+Chrome/78.0.3904.97+Safari/537.36 http://localhost:50991/home.aspx 304 0 0 8
2019-11-15 03:46:22 ::1 GET /Images/Home4.jpg - 50991 - ::1 Mozilla/5.0+(Windows+NT+10.0;+Win64;+x64)+AppleWebKit/537.36+(KHTML,+like+Gecko)+Chrome/78.0.3904.97+Safari/537.36 http://localhost:50991/home.aspx 304 0 0 8
2019-11-15 03:46:22 ::1 GET /Scripts/bootstrap.min.js - 50991 - ::1 Mozilla/5.0+(Windows+NT+10.0;+Win64;+x64)+AppleWebKit/537.36+(KHTML,+like+Gecko)+Chrome/78.0.3904.97+Safari/537.36 http://localhost:50991/home.aspx 304 0 0 72
2019-11-15 03:46:24 ::1 GET /home.aspx - 50991 - ::1 Mozilla/5.0+(Windows+NT+10.0;+Win64;+x64)+AppleWebKit/537.36+(KHTML,+like+Gecko)+Chrome/78.0.3904.97+Safari/537.36 http://localhost:50991/home.aspx 200 0 0 3
2019-11-15 03:46:24 ::1 GET /Scripts/jquery-2.2.4.min.js - 50991 - ::1 Mozilla/5.0+(Windows+NT+10.0;+Win64;+x64)+AppleWebKit/537.36+(KHTML,+like+Gecko)+Chrome/78.0.3904.97+Safari/537.36 http://localhost:50991/home.aspx 404 0 2 1
2019-11-15 03:46:27 ::1 GET /Order.aspx - 50991 - ::1 Mozilla/5.0+(Windows+NT+10.0;+Win64;+x64)+AppleWebKit/537.36+(KHTML,+like+Gecko)+Chrome/78.0.3904.97+Safari/537.36 http://localhost:50991/home.aspx 200 0 0 34
2019-11-15 03:46:27 ::1 GET /Scripts/jquery-2.2.4.min.js - 50991 - ::1 Mozilla/5.0+(Windows+NT+10.0;+Win64;+x64)+AppleWebKit/537.36+(KHTML,+like+Gecko)+Chrome/78.0.3904.97+Safari/537.36 http://localhost:50991/Order.aspx 404 0 2 3
2019-11-15 03:46:27 ::1 GET /Images/Products/image1.jpg - 50991 - ::1 Mozilla/5.0+(Windows+NT+10.0;+Win64;+x64)+AppleWebKit/537.36+(KHTML,+like+Gecko)+Chrome/78.0.3904.97+Safari/537.36 http://localhost:50991/Order.aspx 200 0 0 14
2019-11-15 03:46:27 ::1 GET /Images/Products/image2.jpg - 50991 - ::1 Mozilla/5.0+(Windows+NT+10.0;+Win64;+x64)+AppleWebKit/537.36+(KHTML,+like+Gecko)+Chrome/78.0.3904.97+Safari/537.36 http://localhost:50991/Order.aspx 200 0 0 17
2019-11-15 03:46:27 ::1 GET /Images/Products/image3.jpg - 50991 - ::1 Mozilla/5.0+(Windows+NT+10.0;+Win64;+x64)+AppleWebKit/537.36+(KHTML,+like+Gecko)+Chrome/78.0.3904.97+Safari/537.36 http://localhost:50991/Order.aspx 200 0 0 18
2019-11-15 03:46:27 ::1 GET /Images/Products/image5.jpg - 50991 - ::1 Mozilla/5.0+(Windows+NT+10.0;+Win64;+x64)+AppleWebKit/537.36+(KHTML,+like+Gecko)+Chrome/78.0.3904.97+Safari/537.36 http://localhost:50991/Order.aspx 200 0 0 17
2019-11-15 03:46:27 ::1 GET /Images/Products/image4.jpg - 50991 - ::1 Mozilla/5.0+(Windows+NT+10.0;+Win64;+x64)+AppleWebKit/537.36+(KHTML,+like+Gecko)+Chrome/78.0.3904.97+Safari/537.36 http://localhost:50991/Order.aspx 200 0 0 21
2019-11-15 03:46:27 ::1 GET /Images/Products/image6.jpg - 50991 - ::1 Mozilla/5.0+(Windows+NT+10.0;+Win64;+x64)+AppleWebKit/537.36+(KHTML,+like+Gecko)+Chrome/78.0.3904.97+Safari/537.36 http://localhost:50991/Order.aspx 200 0 0 29
2019-11-15 03:46:27 ::1 GET /Images/Products/image7.jpg - 50991 - ::1 Mozilla/5.0+(Windows+NT+10.0;+Win64;+x64)+AppleWebKit/537.36+(KHTML,+like+Gecko)+Chrome/78.0.3904.97+Safari/537.36 http://localhost:50991/Order.aspx 200 0 0 29
2019-11-15 03:46:27 ::1 GET /Images/Products/image8.jpg - 50991 - ::1 Mozilla/5.0+(Windows+NT+10.0;+Win64;+x64)+AppleWebKit/537.36+(KHTML,+like+Gecko)+Chrome/78.0.3904.97+Safari/537.36 http://localhost:50991/Order.aspx 200 0 0 25
2019-11-15 03:46:27 ::1 GET /Images/Products/image9.jpg - 50991 - ::1 Mozilla/5.0+(Windows+NT+10.0;+Win64;+x64)+AppleWebKit/537.36+(KHTML,+like+Gecko)+Chrome/78.0.3904.97+Safari/537.36 http://localhost:50991/Order.aspx 200 0 0 14
2019-11-15 03:46:45 ::1 GET /EditCustomer.aspx - 50991 - ::1 Mozilla/5.0+(Windows+NT+10.0;+Win64;+x64)+AppleWebKit/537.36+(KHTML,+like+Gecko)+Chrome/78.0.3904.97+Safari/537.36 http://localhost:50991/Order.aspx 200 0 0 45
2019-11-15 03:46:45 ::1 GET /Content/bootstrap.min.css - 50991 - ::1 Mozilla/5.0+(Windows+NT+10.0;+Win64;+x64)+AppleWebKit/537.36+(KHTML,+like+Gecko)+Chrome/78.0.3904.97+Safari/537.36 http://localhost:50991/EditCustomer.aspx 304 0 0 2
2019-11-15 03:46:45 ::1 GET /Content/font-awesome.min.css - 50991 - ::1 Mozilla/5.0+(Windows+NT+10.0;+Win64;+x64)+AppleWebKit/537.36+(KHTML,+like+Gecko)+Chrome/78.0.3904.97+Safari/537.36 http://localhost:50991/EditCustomer.aspx 304 0 0 2
2019-11-15 03:46:45 ::1 GET /Content/site.css - 50991 - ::1 Mozilla/5.0+(Windows+NT+10.0;+Win64;+x64)+AppleWebKit/537.36+(KHTML,+like+Gecko)+Chrome/78.0.3904.97+Safari/537.36 http://localhost:50991/EditCustomer.aspx 304 0 0 2
2019-11-15 03:46:45 ::1 GET /Scripts/jquery-2.2.4.min.js - 50991 - ::1 Mozilla/5.0+(Windows+NT+10.0;+Win64;+x64)+AppleWebKit/537.36+(KHTML,+like+Gecko)+Chrome/78.0.3904.97+Safari/537.36 http://localhost:50991/EditCustomer.aspx 404 0 2 3
2019-11-15 03:46:45 ::1 GET /Scripts/bootstrap.min.js - 50991 - ::1 Mozilla/5.0+(Windows+NT+10.0;+Win64;+x64)+AppleWebKit/537.36+(KHTML,+like+Gecko)+Chrome/78.0.3904.97+Safari/537.36 http://localhost:50991/EditCustomer.aspx 304 0 0 4
2019-11-15 03:46:45 ::1 GET /Content/form-elements.css - 50991 - ::1 Mozilla/5.0+(Windows+NT+10.0;+Win64;+x64)+AppleWebKit/537.36+(KHTML,+like+Gecko)+Chrome/78.0.3904.97+Safari/537.36 http://localhost:50991/EditCustomer.aspx 304 0 0 5
2019-11-15 03:46:45 ::1 GET /Scripts/site.js - 50991 - ::1 Mozilla/5.0+(Windows+NT+10.0;+Win64;+x64)+AppleWebKit/537.36+(KHTML,+like+Gecko)+Chrome/78.0.3904.97+Safari/537.36 http://localhost:50991/EditCustomer.aspx 304 0 0 5
2019-11-15 03:46:45 ::1 GET /Scripts/jquery-2.2.4.min.js - 50991 - ::1 Mozilla/5.0+(Windows+NT+10.0;+Win64;+x64)+AppleWebKit/537.36+(KHTML,+like+Gecko)+Chrome/78.0.3904.97+Safari/537.36 http://localhost:50991/EditCustomer.aspx 404 0 2 2
2019-11-15 03:46:47 ::1 GET /Order.aspx - 50991 - ::1 Mozilla/5.0+(Windows+NT+10.0;+Win64;+x64)+AppleWebKit/537.36+(KHTML,+like+Gecko)+Chrome/78.0.3904.97+Safari/537.36 http://localhost:50991/EditCustomer.aspx 200 0 0 5
2019-11-15 03:46:47 ::1 GET /Images/Products/image1.jpg - 50991 - ::1 Mozilla/5.0+(Windows+NT+10.0;+Win64;+x64)+AppleWebKit/537.36+(KHTML,+like+Gecko)+Chrome/78.0.3904.97+Safari/537.36 http://localhost:50991/Order.aspx 304 0 0 4
2019-11-15 03:46:47 ::1 GET /Images/Products/image2.jpg - 50991 - ::1 Mozilla/5.0+(Windows+NT+10.0;+Win64;+x64)+AppleWebKit/537.36+(KHTML,+like+Gecko)+Chrome/78.0.3904.97+Safari/537.36 http://localhost:50991/Order.aspx 304 0 0 4
2019-11-15 03:46:47 ::1 GET /Scripts/jquery-2.2.4.min.js - 50991 - ::1 Mozilla/5.0+(Windows+NT+10.0;+Win64;+x64)+AppleWebKit/537.36+(KHTML,+like+Gecko)+Chrome/78.0.3904.97+Safari/537.36 http://localhost:50991/Order.aspx 404 0 2 1
2019-11-15 03:46:47 ::1 GET /Images/Products/image3.jpg - 50991 - ::1 Mozilla/5.0+(Windows+NT+10.0;+Win64;+x64)+AppleWebKit/537.36+(KHTML,+like+Gecko)+Chrome/78.0.3904.97+Safari/537.36 http://localhost:50991/Order.aspx 304 0 0 3
2019-11-15 03:46:47 ::1 GET /Images/Products/image4.jpg - 50991 - ::1 Mozilla/5.0+(Windows+NT+10.0;+Win64;+x64)+AppleWebKit/537.36+(KHTML,+like+Gecko)+Chrome/78.0.3904.97+Safari/537.36 http://localhost:50991/Order.aspx 304 0 0 2
2019-11-15 03:46:47 ::1 GET /Images/Products/image5.jpg - 50991 - ::1 Mozilla/5.0+(Windows+NT+10.0;+Win64;+x64)+AppleWebKit/537.36+(KHTML,+like+Gecko)+Chrome/78.0.3904.97+Safari/537.36 http://localhost:50991/Order.aspx 304 0 0 4
2019-11-15 03:46:47 ::1 GET /Images/Products/image6.jpg - 50991 - ::1 Mozilla/5.0+(Windows+NT+10.0;+Win64;+x64)+AppleWebKit/537.36+(KHTML,+like+Gecko)+Chrome/78.0.3904.97+Safari/537.36 http://localhost:50991/Order.aspx 304 0 0 5
2019-11-15 03:46:47 ::1 GET /Images/Products/image7.jpg - 50991 - ::1 Mozilla/5.0+(Windows+NT+10.0;+Win64;+x64)+AppleWebKit/537.36+(KHTML,+like+Gecko)+Chrome/78.0.3904.97+Safari/537.36 http://localhost:50991/Order.aspx 304 0 0 7
2019-11-15 03:46:47 ::1 GET /Images/Products/image8.jpg - 50991 - ::1 Mozilla/5.0+(Windows+NT+10.0;+Win64;+x64)+AppleWebKit/537.36+(KHTML,+like+Gecko)+Chrome/78.0.3904.97+Safari/537.36 http://localhost:50991/Order.aspx 304 0 0 3
2019-11-15 03:46:47 ::1 GET /Images/Products/image9.jpg - 50991 - ::1 Mozilla/5.0+(Windows+NT+10.0;+Win64;+x64)+AppleWebKit/537.36+(KHTML,+like+Gecko)+Chrome/78.0.3904.97+Safari/537.36 http://localhost:50991/Order.aspx 304 0 0 3
2019-11-15 03:46:51 ::1 GET /home.aspx - 50991 - ::1 Mozilla/5.0+(Windows+NT+10.0;+Win64;+x64)+AppleWebKit/537.36+(KHTML,+like+Gecko)+Chrome/78.0.3904.97+Safari/537.36 http://localhost:50991/Order.aspx 200 0 0 4
2019-11-15 03:46:51 ::1 GET /Scripts/jquery-2.2.4.min.js - 50991 - ::1 Mozilla/5.0+(Windows+NT+10.0;+Win64;+x64)+AppleWebKit/537.36+(KHTML,+like+Gecko)+Chrome/78.0.3904.97+Safari/537.36 http://localhost:50991/home.aspx 404 0 2 2
2019-11-15 03:46:51 ::1 GET /Images/Home1.jpg - 50991 - ::1 Mozilla/5.0+(Windows+NT+10.0;+Win64;+x64)+AppleWebKit/537.36+(KHTML,+like+Gecko)+Chrome/78.0.3904.97+Safari/537.36 http://localhost:50991/home.aspx 304 0 0 7
2019-11-15 03:46:51 ::1 GET /Images/Home2.jpg - 50991 - ::1 Mozilla/5.0+(Windows+NT+10.0;+Win64;+x64)+AppleWebKit/537.36+(KHTML,+like+Gecko)+Chrome/78.0.3904.97+Safari/537.36 http://localhost:50991/home.aspx 304 0 0 14
2019-11-15 03:46:51 ::1 GET /Images/Home4.jpg - 50991 - ::1 Mozilla/5.0+(Windows+NT+10.0;+Win64;+x64)+AppleWebKit/537.36+(KHTML,+like+Gecko)+Chrome/78.0.3904.97+Safari/537.36 http://localhost:50991/home.aspx 304 0 0 12
2019-11-15 03:46:51 ::1 GET /Images/Home3.jpg - 50991 - ::1 Mozilla/5.0+(Windows+NT+10.0;+Win64;+x64)+AppleWebKit/537.36+(KHTML,+like+Gecko)+Chrome/78.0.3904.97+Safari/537.36 http://localhost:50991/home.aspx 304 0 0 13
